STATUS | wrapper  | 2019/11/29 19:43:01 | --> Wrapper Started as Console
STATUS | wrapper  | 2019/11/29 19:43:01 | Launching a JVM...
INFO   | jvm 1    | 2019/11/29 19:43:03 | Wrapper (Version 3.2.3) http://wrapper.tanukisoftware.org
INFO   | jvm 1    | 2019/11/29 19:43:03 |   Copyright 1999-2006 Tanuki Software, Inc.  All Rights Reserved.
INFO   | jvm 1    | 2019/11/29 19:43:03 | 
INFO   | jvm 1    | 2019/11/29 19:43:03 | 
INFO   | jvm 1    | 2019/11/29 19:43:03 | WARNING - Unable to load the Wrapper's native library 'wrapper.dll'.
INFO   | jvm 1    | 2019/11/29 19:43:03 |           The file is located on the path at the following location but
INFO   | jvm 1    | 2019/11/29 19:43:03 |           could not be loaded:
INFO   | jvm 1    | 2019/11/29 19:43:03 |             C:\Users\julio\OneDrive\햞ea de Trabalho\apache-activemq-5.15.10\bin\win32\..\..\bin\win32\wrapper.dll
INFO   | jvm 1    | 2019/11/29 19:43:03 |           Please verify that the file is readable by the current user
INFO   | jvm 1    | 2019/11/29 19:43:03 |           and that the file has not been corrupted in any way.
INFO   | jvm 1    | 2019/11/29 19:43:03 |           One common cause of this problem is running a 32-bit version
INFO   | jvm 1    | 2019/11/29 19:43:03 |           of the Wrapper with a 64-bit version of Java, or vica versa.
INFO   | jvm 1    | 2019/11/29 19:43:03 |           This is a 64-bit JVM.
INFO   | jvm 1    | 2019/11/29 19:43:03 |           Reported cause:
INFO   | jvm 1    | 2019/11/29 19:43:03 |             C:\Users\julio\OneDrive\햞ea de Trabalho\apache-activemq-5.15.10\bin\win32\wrapper.dll: Can't load IA 32-bit .dll on a AMD 64-bit platform
INFO   | jvm 1    | 2019/11/29 19:43:03 |           System signals will not be handled correctly.
INFO   | jvm 1    | 2019/11/29 19:43:03 | 
INFO   | jvm 1    | 2019/11/29 19:43:03 | Java Runtime: Oracle Corporation 1.8.0_221 C:\Program Files\Java\jre1.8.0_221
INFO   | jvm 1    | 2019/11/29 19:43:03 |   Heap sizes: current=123904k  free=114069k  max=932352k
INFO   | jvm 1    | 2019/11/29 19:43:03 |     JVM args: -Dactivemq.home=../.. -Dactivemq.base=../.. -Djavax.net.ssl.keyStorePassword=password -Djavax.net.ssl.trustStorePassword=password -Djavax.net.ssl.keyStore=../../conf/broker.ks -Djavax.net.ssl.trustStore=../../conf/broker.ts -Dcom.sun.management.jmxremote -Dorg.apache.activemq.UseDedicatedTaskRunner=true -Djava.util.logging.config.file=logging.properties -Dactivemq.conf=../../conf -Dactivemq.data=../../data -Djava.security.auth.login.config=../../conf/login.config -Xmx1024m -Djava.library.path=../../bin/win32 -Dwrapper.key=tW9xedv5c6EZr1Fk -Dwrapper.port=32000 -Dwrapper.jvm.port.min=31000 -Dwrapper.jvm.port.max=31999 -Dwrapper.pid=14388 -Dwrapper.version=3.2.3 -Dwrapper.native_library=wrapper -Dwrapper.cpu.timeout=10 -Dwrapper.jvmid=1
INFO   | jvm 1    | 2019/11/29 19:43:03 | Extensions classpath:
INFO   | jvm 1    | 2019/11/29 19:43:03 |   [..\..\lib,..\..\lib\camel,..\..\lib\optional,..\..\lib\web,..\..\lib\extra]
INFO   | jvm 1    | 2019/11/29 19:43:03 | ACTIVEMQ_HOME: ..\..
INFO   | jvm 1    | 2019/11/29 19:43:03 | ACTIVEMQ_BASE: ..\..
INFO   | jvm 1    | 2019/11/29 19:43:03 | ACTIVEMQ_CONF: ..\..\conf
INFO   | jvm 1    | 2019/11/29 19:43:03 | ACTIVEMQ_DATA: ..\..\data
INFO   | jvm 1    | 2019/11/29 19:43:03 | Loading message broker from: xbean:activemq.xml
INFO   | jvm 1    | 2019/11/29 19:43:04 |  INFO | Refreshing org.apache.activemq.xbean.XBeanBrokerFactory$1@7ca0c4f8: startup date [Fri Nov 29 20:43:04 BRST 2019]; root of context hierarchy
INFO   | jvm 1    | 2019/11/29 19:43:07 |  INFO | Using Persistence Adapter: KahaDBPersistenceAdapter[C:\Users\julio\OneDrive\햞ea de Trabalho\apache-activemq-5.15.10\bin\win32\..\..\data\kahadb]
INFO   | jvm 1    | 2019/11/29 19:43:08 |  INFO | PListStore:[C:\Users\julio\OneDrive\햞ea de Trabalho\apache-activemq-5.15.10\bin\win32\..\..\data\localhost\tmp_storage] started
INFO   | jvm 1    | 2019/11/29 19:43:08 |  INFO | Apache ActiveMQ 5.15.10 (localhost, ID:LAPTOP-78QBNAR1-51452-1575067388483-0:1) is starting
INFO   | jvm 1    | 2019/11/29 19:43:08 |  INFO | Listening for connections at: tcp://LAPTOP-78QBNAR1:61616?maximumConnections=1000&wireFormat.maxFrameSize=104857600
INFO   | jvm 1    | 2019/11/29 19:43:08 |  INFO | Connector openwire started
INFO   | jvm 1    | 2019/11/29 19:43:08 |  INFO | Listening for connections at: amqp://LAPTOP-78QBNAR1:5672?maximumConnections=1000&wireFormat.maxFrameSize=104857600
INFO   | jvm 1    | 2019/11/29 19:43:08 |  INFO | Connector amqp started
INFO   | jvm 1    | 2019/11/29 19:43:08 |  INFO | Listening for connections at: stomp://LAPTOP-78QBNAR1:61613?maximumConnections=1000&wireFormat.maxFrameSize=104857600
INFO   | jvm 1    | 2019/11/29 19:43:08 |  INFO | Connector stomp started
INFO   | jvm 1    | 2019/11/29 19:43:08 |  INFO | Listening for connections at: mqtt://LAPTOP-78QBNAR1:1883?maximumConnections=1000&wireFormat.maxFrameSize=104857600
INFO   | jvm 1    | 2019/11/29 19:43:08 |  INFO | Connector mqtt started
INFO   | jvm 1    | 2019/11/29 19:43:08 |  INFO | Starting Jetty server
INFO   | jvm 1    | 2019/11/29 19:43:09 |  INFO | Creating Jetty connector
INFO   | jvm 1    | 2019/11/29 19:43:09 |  WARN | ServletContext@o.e.j.s.ServletContextHandler@1a5ff7ab{/,null,STARTING} has uncovered http methods for path: /
INFO   | jvm 1    | 2019/11/29 19:43:09 |  INFO | Listening for connections at ws://LAPTOP-78QBNAR1:61614?maximumConnections=1000&wireFormat.maxFrameSize=104857600
INFO   | jvm 1    | 2019/11/29 19:43:09 |  INFO | Connector ws started
INFO   | jvm 1    | 2019/11/29 19:43:09 |  INFO | Apache ActiveMQ 5.15.10 (localhost, ID:LAPTOP-78QBNAR1-51452-1575067388483-0:1) started
INFO   | jvm 1    | 2019/11/29 19:43:09 |  INFO | For help or more information please see: http://activemq.apache.org
INFO   | jvm 1    | 2019/11/29 19:43:11 |  INFO | ActiveMQ WebConsole available at http://0.0.0.0:8161/
INFO   | jvm 1    | 2019/11/29 19:43:11 |  INFO | ActiveMQ Jolokia REST API available at http://0.0.0.0:8161/api/jolokia/
